<?xml version="1.0" encoding="UTF-8"?>
<!-- Generated by org.testng.reporters.JUnitXMLReporter -->
<testsuite ignored="0" hostname="DESKTOP-CHE9EGB" failures="0" tests="4" name="Default test(failed)" time="46.493" errors="0" timestamp="2022-09-01T13:47:25 IST">
  <testcase classname="org.testng.AdactinDataProvider" name="test" time="15.618"/>
  <testcase classname="org.testng.AdactinDataProvider" name="test" time="8.064"/>
  <testcase classname="org.testng.AdactinDataProvider" name="test" time="8.919"/>
  <testcase classname="org.testng.AdactinDataProvider" name="test" time="10.096"/>
</testsuite> <!-- Default test(failed) -->
